# JRE version: OpenJDK Runtime Environment Temurin-17.0.20+8 (17.0.20+8) (build 17.0.20+8)
# Java VM: OpenJDK 64-Bit Server VM Temurin-17.0.20+8 (17.0.20+8, mixed mode, sharing, tiered, compressed oops, compressed class ptrs, serial gc, windows-amd64)
GC Precious Log:
 CPUs: 4 total, 4 available
 Memory: 7934M
 Large Page Support: Disabled
 NUMA Support: Disabled
 Compressed Oops: Enabled (32-bit)
 Heap Min Capacity: 8M
 Heap Initial Capacity: 124M
 Heap Max Capacity: 1G
 Pre-touch: Disabled
Heap:
 def new generation   total 110272K, used 57815K [0x00000000c0000000, 0x00000000c77a0000, 0x00000000d5550000)
  eden space 98048K,  46% used [0x00000000c0000000, 0x00000000c2c85fb0, 0x00000000c5fc0000)
  from space 12224K, 100% used [0x00000000c5fc0000, 0x00000000c6bb0000, 0x00000000c6bb0000)
  to   space 12224K,   0% used [0x00000000c6bb0000, 0x00000000c6bb0000, 0x00000000c77a0000)
 tenured generation   total 244056K, used 207978K [0x00000000d5550000, 0x00000000e43a6000, 0x0000000100000000)
   the space 244056K,  85% used [0x00000000d5550000, 0x00000000e206a840, 0x00000000e206aa00, 0x00000000e43a6000)
 Metaspace       used 103606K, committed 104448K, reserved 344064K
  class space    used 14032K, committed 14464K, reserved 212992K
GC Heap History (20 events):
Event: 15.938 GC heap before
{Heap before GC invocations=31 (full 3):
 def new generation   total 44224K, used 43176K [0x00000000c0000000, 0x00000000c2ff0000, 0x00000000d5550000)
  eden space 39360K,  99% used [0x00000000c0000000, 0x00000000c266f560, 0x00000000c2670000)
  from space 4864K,  78% used [0x00000000c2b30000, 0x00000000c2eeac10, 0x00000000c2ff0000)
  to   space 4864K,   0% used [0x00000000c2670000, 0x00000000c2670000, 0x00000000c2b30000)
 tenured generation   total 97744K, used 97114K [0x00000000d5550000, 0x00000000db4c4000, 0x0000000100000000)
   the space 97744K,  99% used [0x00000000d5550000, 0x00000000db426968, 0x00000000db426a00, 0x00000000db4c4000)
 Metaspace       used 93727K, committed 94464K, reserved 344064K
  class space    used 12784K, committed 13184K, reserved 212992K
}
Event: 15.949 GC heap after
{Heap after GC invocations=32 (full 3):
 def new generation   total 44224K, used 1315K [0x00000000c0000000, 0x00000000c2ff0000, 0x00000000d5550000)
  eden space 39360K,   0% used [0x00000000c0000000, 0x00000000c0000000, 0x00000000c2670000)
  from space 4864K,  27% used [0x00000000c2670000, 0x00000000c27b8e18, 0x00000000c2b30000)
  to   space 4864K,   0% used [0x00000000c2b30000, 0x00000000c2b30000, 0x00000000c2ff0000)
 tenured generation   total 100816K, used 100723K [0x00000000d5550000, 0x00000000db7c4000, 0x0000000100000000)
   the space 100816K,  99% used [0x00000000d5550000, 0x00000000db7acff8, 0x00000000db7ad000, 0x00000000db7c4000)
 Metaspace       used 93727K, committed 94464K, reserved 344064K
  class space    used 12784K, committed 13184K, reserved 212992K
}
Event: 15.949 GC heap before
{Heap before GC invocations=32 (full 3):
 def new generation   total 44224K, used 1315K [0x00000000c0000000, 0x00000000c2ff0000, 0x00000000d5550000)
  eden space 39360K,   0% used [0x00000000c0000000, 0x00000000c0000000, 0x00000000c2670000)
  from space 4864K,  27% used [0x00000000c2670000, 0x00000000c27b8e18, 0x00000000c2b30000)
  to   space 4864K,   0% used [0x00000000c2b30000, 0x00000000c2b30000, 0x00000000c2ff0000)
 tenured generation   total 100816K, used 100723K [0x00000000d5550000, 0x00000000db7c4000, 0x0000000100000000)
   the space 100816K,  99% used [0x00000000d5550000, 0x00000000db7acff8, 0x00000000db7ad000, 0x00000000db7c4000)
 Metaspace       used 93727K, committed 94464K, reserved 344064K
  class space    used 12784K, committed 13184K, reserved 212992K
}
Event: 16.090 GC heap after
{Heap after GC invocations=32 (full 4):
 def new generation   total 65024K, used 0K [0x00000000c0000000, 0x00000000c4680000, 0x00000000d5550000)
  eden space 57856K,   0% used [0x00000000c0000000, 0x00000000c0000000, 0x00000000c3880000)
  from space 7168K,   0% used [0x00000000c3880000, 0x00000000c3880000, 0x00000000c3f80000)
  to   space 7168K,   0% used [0x00000000c3f80000, 0x00000000c3f80000, 0x00000000c4680000)
 tenured generation   total 143864K, used 86316K [0x00000000d5550000, 0x00000000de1ce000, 0x0000000100000000)
   the space 143864K,  59% used [0x00000000d5550000, 0x00000000da99b0b8, 0x00000000da99b200, 0x00000000de1ce000)
 Metaspace       used 93723K, committed 94464K, reserved 344064K
  class space    used 12783K, committed 13184K, reserved 212992K
}
Event: 16.717 GC heap before
{Heap before GC invocations=32 (full 4):
 def new generation   total 65024K, used 58102K [0x00000000c0000000, 0x00000000c4680000, 0x00000000d5550000)
  eden space 57856K, 100% used [0x00000000c0000000, 0x00000000c3880000, 0x00000000c3880000)
  from space 7168K,   3% used [0x00000000c3880000, 0x00000000c38bdb60, 0x00000000c3f80000)
  to   space 7168K,   0% used [0x00000000c3f80000, 0x00000000c3f80000, 0x00000000c4680000)
 tenured generation   total 143864K, used 86316K [0x00000000d5550000, 0x00000000de1ce000, 0x0000000100000000)
   the space 143864K,  59% used [0x00000000d5550000, 0x00000000da99b0b8, 0x00000000da99b200, 0x00000000de1ce000)
 Metaspace       used 94975K, committed 95744K, reserved 344064K
  class space    used 12935K, committed 13312K, reserved 212992K
}
Event: 16.722 GC heap after
{Heap after GC invocations=33 (full 4):
 def new generation   total 65024K, used 1162K [0x00000000c0000000, 0x00000000c4680000, 0x00000000d5550000)
  eden space 57856K,   0% used [0x00000000c0000000, 0x00000000c0000000, 0x00000000c3880000)
  from space 7168K,  16% used [0x00000000c3f80000, 0x00000000c40a2838, 0x00000000c4680000)
  to   space 7168K,   0% used [0x00000000c3880000, 0x00000000c3880000, 0x00000000c3f80000)
 tenured generation   total 143864K, used 86316K [0x00000000d5550000, 0x00000000de1ce000, 0x0000000100000000)
   the space 143864K,  59% used [0x00000000d5550000, 0x00000000da99b0b8, 0x00000000da99b200, 0x00000000de1ce000)
 Metaspace       used 94975K, committed 95744K, reserved 344064K
  class space    used 12935K, committed 13312K, reserved 212992K
}
Event: 17.514 GC heap before
{Heap before GC invocations=33 (full 4):
 def new generation   total 65024K, used 59018K [0x00000000c0000000, 0x00000000c4680000, 0x00000000d5550000)
  eden space 57856K, 100% used [0x00000000c0000000, 0x00000000c3880000, 0x00000000c3880000)
  from space 7168K,  16% used [0x00000000c3f80000, 0x00000000c40a2838, 0x00000000c4680000)
  to   space 7168K,   0% used [0x00000000c3880000, 0x00000000c3880000, 0x00000000c3f80000)
 tenured generation   total 143864K, used 86316K [0x00000000d5550000, 0x00000000de1ce000, 0x0000000100000000)
   the space 143864K,  59% used [0x00000000d5550000, 0x00000000da99b0b8, 0x00000000da99b200, 0x00000000de1ce000)
 Metaspace       used 97078K, committed 97856K, reserved 344064K
  class space    used 13154K, committed 13568K, reserved 212992K
}
Event: 17.526 GC heap after
{Heap after GC invocations=34 (full 4):
 def new generation   total 65024K, used 4778K [0x00000000c0000000, 0x00000000c4680000, 0x00000000d5550000)
  eden space 57856K,   0% used [0x00000000c0000000, 0x00000000c0000000, 0x00000000c3880000)
  from space 7168K,  66% used [0x00000000c3880000, 0x00000000c3d2a948, 0x00000000c3f80000)
  to   space 7168K,   0% used [0x00000000c3f80000, 0x00000000c3f80000, 0x00000000c4680000)
 tenured generation   total 143864K, used 86316K [0x00000000d5550000, 0x00000000de1ce000, 0x0000000100000000)
   the space 143864K,  59% used [0x00000000d5550000, 0x00000000da99b0b8, 0x00000000da99b200, 0x00000000de1ce000)
 Metaspace       used 97078K, committed 97856K, reserved 344064K
  class space    used 13154K, committed 13568K, reserved 212992K
}
Event: 17.992 GC heap before
{Heap before GC invocations=34 (full 4):
 def new generation   total 65024K, used 57095K [0x00000000c0000000, 0x00000000c4680000, 0x00000000d5550000)
  eden space 57856K,  90% used [0x00000000c0000000, 0x00000000c3317430, 0x00000000c3880000)
  from space 7168K,  66% used [0x00000000c3880000, 0x00000000c3d2a948, 0x00000000c3f80000)
  to   space 7168K,   0% used [0x00000000c3f80000, 0x00000000c3f80000, 0x00000000c4680000)
 tenured generation   total 143864K, used 86316K [0x00000000d5550000, 0x00000000de1ce000, 0x0000000100000000)
   the space 143864K,  59% used [0x00000000d5550000, 0x00000000da99b0b8, 0x00000000da99b200, 0x00000000de1ce000)
 Metaspace       used 97826K, committed 98560K, reserved 344064K
  class space    used 13253K, committed 13632K, reserved 212992K
}
Event: 18.006 GC heap after
{Heap after GC invocations=35 (full 4):
 def new generation   total 65024K, used 5938K [0x00000000c0000000, 0x00000000c4680000, 0x00000000d5550000)
  eden space 57856K,   0% used [0x00000000c0000000, 0x00000000c0000000, 0x00000000c3880000)
  from space 7168K,  82% used [0x00000000c3f80000, 0x00000000c454c8c8, 0x00000000c4680000)
  to   space 7168K,   0% used [0x00000000c3880000, 0x00000000c3880000, 0x00000000c3f80000)
 tenured generation   total 143864K, used 90533K [0x00000000d5550000, 0x00000000de1ce000, 0x0000000100000000)
   the space 143864K,  62% used [0x00000000d5550000, 0x00000000dadb96c8, 0x00000000dadb9800, 0x00000000de1ce000)
 Metaspace       used 97826K, committed 98560K, reserved 344064K
  class space    used 13253K, committed 13632K, reserved 212992K
}
Event: 18.131 GC heap before
{Heap before GC invocations=35 (full 4):
 def new generation   total 65024K, used 62893K [0x00000000c0000000, 0x00000000c4680000, 0x00000000d5550000)
  eden space 57856K,  98% used [0x00000000c0000000, 0x00000000c379ed78, 0x00000000c3880000)
  from space 7168K,  82% used [0x00000000c3f80000, 0x00000000c454c8c8, 0x00000000c4680000)
  to   space 7168K,   0% used [0x00000000c3880000, 0x00000000c3880000, 0x00000000c3f80000)
 tenured generation   total 143864K, used 90533K [0x00000000d5550000, 0x00000000de1ce000, 0x0000000100000000)
   the space 143864K,  62% used [0x00000000d5550000, 0x00000000dadb96c8, 0x00000000dadb9800, 0x00000000de1ce000)
 Metaspace       used 97862K, committed 98688K, reserved 344064K
  class space    used 13258K, committed 13696K, reserved 212992K
}
Event: 18.147 GC heap after
{Heap after GC invocations=36 (full 4):
 def new generation   total 65024K, used 7168K [0x00000000c0000000, 0x00000000c4680000, 0x00000000d5550000)
  eden space 57856K,   0% used [0x00000000c0000000, 0x00000000c0000000, 0x00000000c3880000)
  from space 7168K, 100% used [0x00000000c3880000, 0x00000000c3f80000, 0x00000000c3f80000)
  to   space 7168K,   0% used [0x00000000c3f80000, 0x00000000c3f80000, 0x00000000c4680000)
 tenured generation   total 143864K, used 138169K [0x00000000d5550000, 0x00000000de1ce000, 0x0000000100000000)
   the space 143864K,  96% used [0x00000000d5550000, 0x00000000ddc3e4e8, 0x00000000ddc3e600, 0x00000000de1ce000)
 Metaspace       used 97862K, committed 98688K, reserved 344064K
  class space    used 13258K, committed 13696K, reserved 212992K
}
Event: 18.873 GC heap before
{Heap before GC invocations=36 (full 4):
 def new generation   total 65024K, used 63389K [0x00000000c0000000, 0x00000000c4680000, 0x00000000d5550000)
  eden space 57856K,  97% used [0x00000000c0000000, 0x00000000c36e7458, 0x00000000c3880000)
  from space 7168K, 100% used [0x00000000c3880000, 0x00000000c3f80000, 0x00000000c3f80000)
  to   space 7168K,   0% used [0x00000000c3f80000, 0x00000000c3f80000, 0x00000000c4680000)
 tenured generation   total 143864K, used 138169K [0x00000000d5550000, 0x00000000de1ce000, 0x0000000100000000)
   the space 143864K,  96% used [0x00000000d5550000, 0x00000000ddc3e4e8, 0x00000000ddc3e600, 0x00000000de1ce000)
 Metaspace       used 102283K, committed 103104K, reserved 344064K
  class space    used 13863K, committed 14272K, reserved 212992K
}
Event: 18.885 GC heap after
{Heap after GC invocations=37 (full 4):
 def new generation   total 65024K, used 7168K [0x00000000c0000000, 0x00000000c4680000, 0x00000000d5550000)
  eden space 57856K,   0% used [0x00000000c0000000, 0x00000000c0000000, 0x00000000c3880000)
  from space 7168K, 100% used [0x00000000c3f80000, 0x00000000c4680000, 0x00000000c4680000)
  to   space 7168K,   0% used [0x00000000c3880000, 0x00000000c3880000, 0x00000000c3f80000)
 tenured generation   total 146432K, used 146363K [0x00000000d5550000, 0x00000000de450000, 0x0000000100000000)
   the space 146432K,  99% used [0x00000000d5550000, 0x00000000de43ed48, 0x00000000de43ee00, 0x00000000de450000)
 Metaspace       used 102283K, committed 103104K, reserved 344064K
  class space    used 13863K, committed 14272K, reserved 212992K
}
Event: 18.885 GC heap before
{Heap before GC invocations=37 (full 4):
 def new generation   total 65024K, used 7168K [0x00000000c0000000, 0x00000000c4680000, 0x00000000d5550000)
  eden space 57856K,   0% used [0x00000000c0000000, 0x00000000c0000000, 0x00000000c3880000)
  from space 7168K, 100% used [0x00000000c3f80000, 0x00000000c4680000, 0x00000000c4680000)
  to   space 7168K,   0% used [0x00000000c3880000, 0x00000000c3880000, 0x00000000c3f80000)
 tenured generation   total 146432K, used 146363K [0x00000000d5550000, 0x00000000de450000, 0x0000000100000000)
   the space 146432K,  99% used [0x00000000d5550000, 0x00000000de43ed48, 0x00000000de43ee00, 0x00000000de450000)
 Metaspace       used 102283K, committed 103104K, reserved 344064K
  class space    used 13863K, committed 14272K, reserved 212992K
}
Event: 19.012 GC heap after
{Heap after GC invocations=37 (full 5):
 def new generation   total 110272K, used 7098K [0x00000000c0000000, 0x00000000c77a0000, 0x00000000d5550000)
  eden space 98048K,   7% used [0x00000000c0000000, 0x00000000c06ee930, 0x00000000c5fc0000)
  from space 12224K,   0% used [0x00000000c5fc0000, 0x00000000c5fc0000, 0x00000000c6bb0000)
  to   space 12224K,   0% used [0x00000000c6bb0000, 0x00000000c6bb0000, 0x00000000c77a0000)
 tenured generation   total 244056K, used 146431K [0x00000000d5550000, 0x00000000e43a6000, 0x0000000100000000)
   the space 244056K,  59% used [0x00000000d5550000, 0x00000000de44ffc8, 0x00000000de450000, 0x00000000e43a6000)
 Metaspace       used 102283K, committed 103104K, reserved 344064K
  class space    used 13863K, committed 14272K, reserved 212992K
}
Event: 19.041 GC heap before
{Heap before GC invocations=37 (full 5):
 def new generation   total 110272K, used 95983K [0x00000000c0000000, 0x00000000c77a0000, 0x00000000d5550000)
  eden space 98048K,  97% used [0x00000000c0000000, 0x00000000c5dbbd48, 0x00000000c5fc0000)
  from space 12224K,   0% used [0x00000000c5fc0000, 0x00000000c5fc0000, 0x00000000c6bb0000)
  to   space 12224K,   0% used [0x00000000c6bb0000, 0x00000000c6bb0000, 0x00000000c77a0000)
 tenured generation   total 244056K, used 146431K [0x00000000d5550000, 0x00000000e43a6000, 0x0000000100000000)
   the space 244056K,  59% used [0x00000000d5550000, 0x00000000de44ffc8, 0x00000000de450000, 0x00000000e43a6000)
 Metaspace       used 102294K, committed 103104K, reserved 344064K
  class space    used 13867K, committed 14272K, reserved 212992K
}
Event: 19.079 GC heap after
{Heap after GC invocations=38 (full 5):
 def new generation   total 110272K, used 12223K [0x00000000c0000000, 0x00000000c77a0000, 0x00000000d5550000)
  eden space 98048K,   0% used [0x00000000c0000000, 0x00000000c0000000, 0x00000000c5fc0000)
  from space 12224K,  99% used [0x00000000c6bb0000, 0x00000000c779fff8, 0x00000000c77a0000)
  to   space 12224K,   0% used [0x00000000c5fc0000, 0x00000000c5fc0000, 0x00000000c6bb0000)
 tenured generation   total 244056K, used 182394K [0x00000000d5550000, 0x00000000e43a6000, 0x0000000100000000)
   the space 244056K,  74% used [0x00000000d5550000, 0x00000000e076e850, 0x00000000e076ea00, 0x00000000e43a6000)
 Metaspace       used 102294K, committed 103104K, reserved 344064K
  class space    used 13867K, committed 14272K, reserved 212992K
}
Event: 19.538 GC heap before
{Heap before GC invocations=38 (full 5):
 def new generation   total 110272K, used 110271K [0x00000000c0000000, 0x00000000c77a0000, 0x00000000d5550000)
  eden space 98048K, 100% used [0x00000000c0000000, 0x00000000c5fc0000, 0x00000000c5fc0000)
  from space 12224K,  99% used [0x00000000c6bb0000, 0x00000000c779fff8, 0x00000000c77a0000)
  to   space 12224K,   0% used [0x00000000c5fc0000, 0x00000000c5fc0000, 0x00000000c6bb0000)
 tenured generation   total 244056K, used 182394K [0x00000000d5550000, 0x00000000e43a6000, 0x0000000100000000)
   the space 244056K,  74% used [0x00000000d5550000, 0x00000000e076e850, 0x00000000e076ea00, 0x00000000e43a6000)
 Metaspace       used 103137K, committed 103936K, reserved 344064K
  class space    used 13973K, committed 14400K, reserved 212992K
}
Event: 19.589 GC heap after
{Heap after GC invocations=39 (full 5):
 def new generation   total 110272K, used 12224K [0x00000000c0000000, 0x00000000c77a0000, 0x00000000d5550000)
  eden space 98048K,   0% used [0x00000000c0000000, 0x00000000c0000000, 0x00000000c5fc0000)
  from space 12224K, 100% used [0x00000000c5fc0000, 0x00000000c6bb0000, 0x00000000c6bb0000)
  to   space 12224K,   0% used [0x00000000c6bb0000, 0x00000000c6bb0000, 0x00000000c77a0000)
 tenured generation   total 244056K, used 207978K [0x00000000d5550000, 0x00000000e43a6000, 0x0000000100000000)
   the space 244056K,  85% used [0x00000000d5550000, 0x00000000e206a840, 0x00000000e206aa00, 0x00000000e43a6000)
 Metaspace       used 103137K, committed 103936K, reserved 344064K
  class space    used 13973K, committed 14400K, reserved 212992K
}

