# JRE version: OpenJDK Runtime Environment Temurin-17.0.20+8 (17.0.20+8) (build 17.0.20+8)
# Java VM: OpenJDK 64-Bit Server VM Temurin-17.0.20+8 (17.0.20+8, mixed mode, sharing, tiered, compressed oops, compressed class ptrs, serial gc, windows-amd64)
GC Precious Log:
 CPUs: 4 total, 4 available
 Memory: 7934M
 Large Page Support: Disabled
 NUMA Support: Disabled
 Compressed Oops: Enabled (32-bit)
 Heap Min Capacity: 8M
 Heap Initial Capacity: 124M
 Heap Max Capacity: 1G
 Pre-touch: Disabled
Heap:
 def new generation   total 155072K, used 145709K [0x00000000c0000000, 0x00000000ca840000, 0x00000000d5550000)
  eden space 137856K,  93% used [0x00000000c0000000, 0x00000000c7d7b638, 0x00000000c86a0000)
  from space 17216K, 100% used [0x00000000c9770000, 0x00000000ca840000, 0x00000000ca840000)
  to   space 17216K,   0% used [0x00000000c86a0000, 0x00000000c86a0000, 0x00000000c9770000)
 tenured generation   total 343644K, used 331175K [0x00000000d5550000, 0x00000000ea4e7000, 0x0000000100000000)
   the space 343644K,  96% used [0x00000000d5550000, 0x00000000e98b9e80, 0x00000000e98ba000, 0x00000000ea4e7000)
 Metaspace       used 118548K, committed 119424K, reserved 344064K
  class space    used 15960K, committed 16384K, reserved 212992K
GC Heap History (20 events):
Event: 16.015 GC heap before
{Heap before GC invocations=33 (full 4):
 def new generation   total 64960K, used 59085K [0x00000000c0000000, 0x00000000c4670000, 0x00000000d5550000)
  eden space 57792K, 100% used [0x00000000c0000000, 0x00000000c3870000, 0x00000000c3870000)
  from space 7168K,  18% used [0x00000000c3f70000, 0x00000000c40b3738, 0x00000000c4670000)
  to   space 7168K,   0% used [0x00000000c3870000, 0x00000000c3870000, 0x00000000c3f70000)
 tenured generation   total 143716K, used 86228K [0x00000000d5550000, 0x00000000de1a9000, 0x0000000100000000)
   the space 143716K,  59% used [0x00000000d5550000, 0x00000000da985200, 0x00000000da985200, 0x00000000de1a9000)
 Metaspace       used 97101K, committed 97856K, reserved 344064K
  class space    used 13161K, committed 13504K, reserved 212992K
}
Event: 16.031 GC heap after
{Heap after GC invocations=34 (full 4):
 def new generation   total 64960K, used 5310K [0x00000000c0000000, 0x00000000c4670000, 0x00000000d5550000)
  eden space 57792K,   0% used [0x00000000c0000000, 0x00000000c0000000, 0x00000000c3870000)
  from space 7168K,  74% used [0x00000000c3870000, 0x00000000c3d9f890, 0x00000000c3f70000)
  to   space 7168K,   0% used [0x00000000c3f70000, 0x00000000c3f70000, 0x00000000c4670000)
 tenured generation   total 143716K, used 86228K [0x00000000d5550000, 0x00000000de1a9000, 0x0000000100000000)
   the space 143716K,  59% used [0x00000000d5550000, 0x00000000da985200, 0x00000000da985200, 0x00000000de1a9000)
 Metaspace       used 97101K, committed 97856K, reserved 344064K
  class space    used 13161K, committed 13504K, reserved 212992K
}
Event: 16.520 GC heap before
{Heap before GC invocations=34 (full 4):
 def new generation   total 64960K, used 63102K [0x00000000c0000000, 0x00000000c4670000, 0x00000000d5550000)
  eden space 57792K, 100% used [0x00000000c0000000, 0x00000000c3870000, 0x00000000c3870000)
  from space 7168K,  74% used [0x00000000c3870000, 0x00000000c3d9f890, 0x00000000c3f70000)
  to   space 7168K,   0% used [0x00000000c3f70000, 0x00000000c3f70000, 0x00000000c4670000)
 tenured generation   total 143716K, used 86228K [0x00000000d5550000, 0x00000000de1a9000, 0x0000000100000000)
   the space 143716K,  59% used [0x00000000d5550000, 0x00000000da985200, 0x00000000da985200, 0x00000000de1a9000)
 Metaspace       used 98021K, committed 98752K, reserved 344064K
  class space    used 13262K, committed 13632K, reserved 212992K
}
Event: 16.538 GC heap after
{Heap after GC invocations=35 (full 4):
 def new generation   total 64960K, used 2105K [0x00000000c0000000, 0x00000000c4670000, 0x00000000d5550000)
  eden space 57792K,   0% used [0x00000000c0000000, 0x00000000c0000000, 0x00000000c3870000)
  from space 7168K,  29% used [0x00000000c3f70000, 0x00000000c417e7c8, 0x00000000c4670000)
  to   space 7168K,   0% used [0x00000000c3870000, 0x00000000c3870000, 0x00000000c3f70000)
 tenured generation   total 143716K, used 90724K [0x00000000d5550000, 0x00000000de1a9000, 0x0000000100000000)
   the space 143716K,  63% used [0x00000000d5550000, 0x00000000dade9240, 0x00000000dade9400, 0x00000000de1a9000)
 Metaspace       used 98021K, committed 98752K, reserved 344064K
  class space    used 13262K, committed 13632K, reserved 212992K
}
Event: 16.752 GC heap before
{Heap before GC invocations=35 (full 4):
 def new generation   total 64960K, used 57805K [0x00000000c0000000, 0x00000000c4670000, 0x00000000d5550000)
  eden space 57792K,  96% used [0x00000000c0000000, 0x00000000c3664ca0, 0x00000000c3870000)
  from space 7168K,  29% used [0x00000000c3f70000, 0x00000000c417e7c8, 0x00000000c4670000)
  to   space 7168K,   0% used [0x00000000c3870000, 0x00000000c3870000, 0x00000000c3f70000)
 tenured generation   total 143716K, used 90724K [0x00000000d5550000, 0x00000000de1a9000, 0x0000000100000000)
   the space 143716K,  63% used [0x00000000d5550000, 0x00000000dade9240, 0x00000000dade9400, 0x00000000de1a9000)
 Metaspace       used 98512K, committed 99264K, reserved 344064K
  class space    used 13328K, committed 13696K, reserved 212992K
}
Event: 16.770 GC heap after
{Heap after GC invocations=36 (full 4):
 def new generation   total 64960K, used 7168K [0x00000000c0000000, 0x00000000c4670000, 0x00000000d5550000)
  eden space 57792K,   0% used [0x00000000c0000000, 0x00000000c0000000, 0x00000000c3870000)
  from space 7168K, 100% used [0x00000000c3870000, 0x00000000c3f70000, 0x00000000c3f70000)
  to   space 7168K,   0% used [0x00000000c3f70000, 0x00000000c3f70000, 0x00000000c4670000)
 tenured generation   total 143716K, used 126674K [0x00000000d5550000, 0x00000000de1a9000, 0x0000000100000000)
   the space 143716K,  88% used [0x00000000d5550000, 0x00000000dd104b40, 0x00000000dd104c00, 0x00000000de1a9000)
 Metaspace       used 98512K, committed 99264K, reserved 344064K
  class space    used 13328K, committed 13696K, reserved 212992K
}
Event: 17.289 GC heap before
{Heap before GC invocations=36 (full 4):
 def new generation   total 64960K, used 64073K [0x00000000c0000000, 0x00000000c4670000, 0x00000000d5550000)
  eden space 57792K,  98% used [0x00000000c0000000, 0x00000000c3792750, 0x00000000c3870000)
  from space 7168K, 100% used [0x00000000c3870000, 0x00000000c3f70000, 0x00000000c3f70000)
  to   space 7168K,   0% used [0x00000000c3f70000, 0x00000000c3f70000, 0x00000000c4670000)
 tenured generation   total 143716K, used 130158K [0x00000000d5550000, 0x00000000de1a9000, 0x0000000100000000)
   the space 143716K,  90% used [0x00000000d5550000, 0x00000000dd46bb78, 0x00000000dd46bc00, 0x00000000de1a9000)
 Metaspace       used 102631K, committed 103488K, reserved 344064K
  class space    used 13893K, committed 14336K, reserved 212992K
}
Event: 17.308 GC heap after
{Heap after GC invocations=37 (full 4):
 def new generation   total 64960K, used 7167K [0x00000000c0000000, 0x00000000c4670000, 0x00000000d5550000)
  eden space 57792K,   0% used [0x00000000c0000000, 0x00000000c0000000, 0x00000000c3870000)
  from space 7168K,  99% used [0x00000000c3f70000, 0x00000000c466fff8, 0x00000000c4670000)
  to   space 7168K,   0% used [0x00000000c3870000, 0x00000000c3870000, 0x00000000c3f70000)
 tenured generation   total 150260K, used 150106K [0x00000000d5550000, 0x00000000de80d000, 0x0000000100000000)
   the space 150260K,  99% used [0x00000000d5550000, 0x00000000de7e6960, 0x00000000de7e6a00, 0x00000000de80d000)
 Metaspace       used 102631K, committed 103488K, reserved 344064K
  class space    used 13893K, committed 14336K, reserved 212992K
}
Event: 17.332 GC heap before
{Heap before GC invocations=37 (full 4):
 def new generation   total 64960K, used 41852K [0x00000000c0000000, 0x00000000c4670000, 0x00000000d5550000)
  eden space 57792K,  60% used [0x00000000c0000000, 0x00000000c21df2d8, 0x00000000c3870000)
  from space 7168K,  99% used [0x00000000c3f70000, 0x00000000c466fff8, 0x00000000c4670000)
  to   space 7168K,   0% used [0x00000000c3870000, 0x00000000c3870000, 0x00000000c3f70000)
 tenured generation   total 180464K, used 180309K [0x00000000d5550000, 0x00000000e058c000, 0x0000000100000000)
   the space 180464K,  99% used [0x00000000d5550000, 0x00000000e0565500, 0x00000000e0565600, 0x00000000e058c000)
 Metaspace       used 102631K, committed 103488K, reserved 344064K
  class space    used 13893K, committed 14336K, reserved 212992K
}
Event: 17.347 GC heap after
{Heap after GC invocations=38 (full 4):
 def new generation   total 64960K, used 4855K [0x00000000c0000000, 0x00000000c4670000, 0x00000000d5550000)
  eden space 57792K,   0% used [0x00000000c0000000, 0x00000000c0000000, 0x00000000c3870000)
  from space 7168K,  67% used [0x00000000c3870000, 0x00000000c3d2de10, 0x00000000c3f70000)
  to   space 7168K,   0% used [0x00000000c3f70000, 0x00000000c3f70000, 0x00000000c4670000)
 tenured generation   total 212132K, used 212058K [0x00000000d5550000, 0x00000000e2479000, 0x0000000100000000)
   the space 212132K,  99% used [0x00000000d5550000, 0x00000000e2466888, 0x00000000e2466a00, 0x00000000e2479000)
 Metaspace       used 102631K, committed 103488K, reserved 344064K
  class space    used 13893K, committed 14336K, reserved 212992K
}
Event: 17.432 GC heap before
{Heap before GC invocations=38 (full 4):
 def new generation   total 64960K, used 62647K [0x00000000c0000000, 0x00000000c4670000, 0x00000000d5550000)
  eden space 57792K, 100% used [0x00000000c0000000, 0x00000000c3870000, 0x00000000c3870000)
  from space 7168K,  67% used [0x00000000c3870000, 0x00000000c3d2de10, 0x00000000c3f70000)
  to   space 7168K,   0% used [0x00000000c3f70000, 0x00000000c3f70000, 0x00000000c4670000)
 tenured generation   total 212132K, used 212058K [0x00000000d5550000, 0x00000000e2479000, 0x0000000100000000)
   the space 212132K,  99% used [0x00000000d5550000, 0x00000000e2466888, 0x00000000e2466a00, 0x00000000e2479000)
 Metaspace       used 102833K, committed 103680K, reserved 344064K
  class space    used 13918K, committed 14336K, reserved 212992K
}
Event: 17.442 GC heap after
{Heap after GC invocations=39 (full 4):
 def new generation   total 64960K, used 7167K [0x00000000c0000000, 0x00000000c4670000, 0x00000000d5550000)
  eden space 57792K,   0% used [0x00000000c0000000, 0x00000000c0000000, 0x00000000c3870000)
  from space 7168K,  99% used [0x00000000c3f70000, 0x00000000c466fff8, 0x00000000c4670000)
  to   space 7168K,   0% used [0x00000000c3870000, 0x00000000c3870000, 0x00000000c3f70000)
 tenured generation   total 227868K, used 227705K [0x00000000d5550000, 0x00000000e33d7000, 0x0000000100000000)
   the space 227868K,  99% used [0x00000000d5550000, 0x00000000e33ae7a8, 0x00000000e33ae800, 0x00000000e33d7000)
 Metaspace       used 102833K, committed 103680K, reserved 344064K
  class space    used 13918K, committed 14336K, reserved 212992K
}
Event: 17.442 GC heap before
{Heap before GC invocations=39 (full 4):
 def new generation   total 64960K, used 7167K [0x00000000c0000000, 0x00000000c4670000, 0x00000000d5550000)
  eden space 57792K,   0% used [0x00000000c0000000, 0x00000000c0000000, 0x00000000c3870000)
  from space 7168K,  99% used [0x00000000c3f70000, 0x00000000c466fff8, 0x00000000c4670000)
  to   space 7168K,   0% used [0x00000000c3870000, 0x00000000c3870000, 0x00000000c3f70000)
 tenured generation   total 227868K, used 227705K [0x00000000d5550000, 0x00000000e33d7000, 0x0000000100000000)
   the space 227868K,  99% used [0x00000000d5550000, 0x00000000e33ae7a8, 0x00000000e33ae800, 0x00000000e33d7000)
 Metaspace       used 102833K, committed 103680K, reserved 344064K
  class space    used 13918K, committed 14336K, reserved 212992K
}
Event: 17.589 GC heap after
{Heap after GC invocations=39 (full 5):
 def new generation   total 155072K, used 0K [0x00000000c0000000, 0x00000000ca840000, 0x00000000d5550000)
  eden space 137856K,   0% used [0x00000000c0000000, 0x00000000c0000000, 0x00000000c86a0000)
  from space 17216K,   0% used [0x00000000c86a0000, 0x00000000c86a0000, 0x00000000c9770000)
  to   space 17216K,   0% used [0x00000000c9770000, 0x00000000c9770000, 0x00000000ca840000)
 tenured generation   total 343644K, used 206184K [0x00000000d5550000, 0x00000000ea4e7000, 0x0000000100000000)
   the space 343644K,  59% used [0x00000000d5550000, 0x00000000e1eaa1f0, 0x00000000e1eaa200, 0x00000000ea4e7000)
 Metaspace       used 102833K, committed 103680K, reserved 344064K
  class space    used 13918K, committed 14336K, reserved 212992K
}
Event: 18.385 GC heap before
{Heap before GC invocations=39 (full 5):
 def new generation   total 155072K, used 137856K [0x00000000c0000000, 0x00000000ca840000, 0x00000000d5550000)
  eden space 137856K, 100% used [0x00000000c0000000, 0x00000000c86a0000, 0x00000000c86a0000)
  from space 17216K,   0% used [0x00000000c86a0000, 0x00000000c86a0000, 0x00000000c9770000)
  to   space 17216K,   0% used [0x00000000c9770000, 0x00000000c9770000, 0x00000000ca840000)
 tenured generation   total 343644K, used 206184K [0x00000000d5550000, 0x00000000ea4e7000, 0x0000000100000000)
   the space 343644K,  59% used [0x00000000d5550000, 0x00000000e1eaa1f0, 0x00000000e1eaa200, 0x00000000ea4e7000)
 Metaspace       used 107256K, committed 108096K, reserved 344064K
  class space    used 14322K, committed 14784K, reserved 212992K
}
Event: 18.441 GC heap after
{Heap after GC invocations=40 (full 5):
 def new generation   total 155072K, used 17215K [0x00000000c0000000, 0x00000000ca840000, 0x00000000d5550000)
  eden space 137856K,   0% used [0x00000000c0000000, 0x00000000c0000000, 0x00000000c86a0000)
  from space 17216K,  99% used [0x00000000c9770000, 0x00000000ca83fff8, 0x00000000ca840000)
  to   space 17216K,   0% used [0x00000000c86a0000, 0x00000000c86a0000, 0x00000000c9770000)
 tenured generation   total 343644K, used 221321K [0x00000000d5550000, 0x00000000ea4e7000, 0x0000000100000000)
   the space 343644K,  64% used [0x00000000d5550000, 0x00000000e2d72430, 0x00000000e2d72600, 0x00000000ea4e7000)
 Metaspace       used 107256K, committed 108096K, reserved 344064K
  class space    used 14322K, committed 14784K, reserved 212992K
}
Event: 19.142 GC heap before
{Heap before GC invocations=40 (full 5):
 def new generation   total 155072K, used 155071K [0x00000000c0000000, 0x00000000ca840000, 0x00000000d5550000)
  eden space 137856K, 100% used [0x00000000c0000000, 0x00000000c86a0000, 0x00000000c86a0000)
  from space 17216K,  99% used [0x00000000c9770000, 0x00000000ca83fff8, 0x00000000ca840000)
  to   space 17216K,   0% used [0x00000000c86a0000, 0x00000000c86a0000, 0x00000000c9770000)
 tenured generation   total 343644K, used 221321K [0x00000000d5550000, 0x00000000ea4e7000, 0x0000000100000000)
   the space 343644K,  64% used [0x00000000d5550000, 0x00000000e2d72430, 0x00000000e2d72600, 0x00000000ea4e7000)
 Metaspace       used 115922K, committed 116800K, reserved 344064K
  class space    used 15639K, committed 16064K, reserved 212992K
}
Event: 19.271 GC heap after
{Heap after GC invocations=41 (full 5):
 def new generation   total 155072K, used 17216K [0x00000000c0000000, 0x00000000ca840000, 0x00000000d5550000)
  eden space 137856K,   0% used [0x00000000c0000000, 0x00000000c0000000, 0x00000000c86a0000)
  from space 17216K, 100% used [0x00000000c86a0000, 0x00000000c9770000, 0x00000000c9770000)
  to   space 17216K,   0% used [0x00000000c9770000, 0x00000000c9770000, 0x00000000ca840000)
 tenured generation   total 343644K, used 264971K [0x00000000d5550000, 0x00000000ea4e7000, 0x0000000100000000)
   the space 343644K,  77% used [0x00000000d5550000, 0x00000000e5812c30, 0x00000000e5812e00, 0x00000000ea4e7000)
 Metaspace       used 115922K, committed 116800K, reserved 344064K
  class space    used 15639K, committed 16064K, reserved 212992K
}
Event: 19.901 GC heap before
{Heap before GC invocations=41 (full 5):
 def new generation   total 155072K, used 155072K [0x00000000c0000000, 0x00000000ca840000, 0x00000000d5550000)
  eden space 137856K, 100% used [0x00000000c0000000, 0x00000000c86a0000, 0x00000000c86a0000)
  from space 17216K, 100% used [0x00000000c86a0000, 0x00000000c9770000, 0x00000000c9770000)
  to   space 17216K,   0% used [0x00000000c9770000, 0x00000000c9770000, 0x00000000ca840000)
 tenured generation   total 343644K, used 264971K [0x00000000d5550000, 0x00000000ea4e7000, 0x0000000100000000)
   the space 343644K,  77% used [0x00000000d5550000, 0x00000000e5812c30, 0x00000000e5812e00, 0x00000000ea4e7000)
 Metaspace       used 117728K, committed 118592K, reserved 344064K
  class space    used 15843K, committed 16256K, reserved 212992K
}
Event: 20.070 GC heap after
{Heap after GC invocations=42 (full 5):
 def new generation   total 155072K, used 17216K [0x00000000c0000000, 0x00000000ca840000, 0x00000000d5550000)
  eden space 137856K,   0% used [0x00000000c0000000, 0x00000000c0000000, 0x00000000c86a0000)
  from space 17216K, 100% used [0x00000000c9770000, 0x00000000ca840000, 0x00000000ca840000)
  to   space 17216K,   0% used [0x00000000c86a0000, 0x00000000c86a0000, 0x00000000c9770000)
 tenured generation   total 343644K, used 331175K [0x00000000d5550000, 0x00000000ea4e7000, 0x0000000100000000)
   the space 343644K,  96% used [0x00000000d5550000, 0x00000000e98b9e80, 0x00000000e98ba000, 0x00000000ea4e7000)
 Metaspace       used 117728K, committed 118592K, reserved 344064K
  class space    used 15843K, committed 16256K, reserved 212992K
}

