# JRE version: OpenJDK Runtime Environment Temurin-17.0.20+8 (17.0.20+8) (build 17.0.20+8)
# Java VM: OpenJDK 64-Bit Server VM Temurin-17.0.20+8 (17.0.20+8, mixed mode, emulated-client, sharing, tiered, compressed oops, compressed class ptrs, serial gc, windows-amd64)
GC Precious Log:
 CPUs: 4 total, 4 available
 Memory: 7934M
 Large Page Support: Disabled
 NUMA Support: Disabled
 Compressed Oops: Enabled (32-bit)
 Heap Min Capacity: 8M
 Heap Initial Capacity: 124M
 Heap Max Capacity: 1536M
 Pre-touch: Disabled
Heap:
 def new generation   total 196672K, used 140038K [0x00000000a0000000, 0x00000000ad560000, 0x00000000c0000000)
  eden space 174848K,  78% used [0x00000000a0000000, 0x00000000a86a57b8, 0x00000000aaac0000)
  from space 21824K,   9% used [0x00000000aaac0000, 0x00000000aacdc3e0, 0x00000000ac010000)
  to   space 21824K,   0% used [0x00000000ac010000, 0x00000000ac010000, 0x00000000ad560000)
 tenured generation   total 493184K, used 474182K [0x00000000c0000000, 0x00000000de1a0000, 0x0000000100000000)
   the space 493184K,  96% used [0x00000000c0000000, 0x00000000dcf119a0, 0x00000000dcf11a00, 0x00000000de1a0000)
 Metaspace       used 103334K, committed 104256K, reserved 1179648K
  class space    used 15524K, committed 16000K, reserved 1048576K
GC Heap History (20 events):
Event: 21.033 GC heap after
{Heap after GC invocations=48 (full 7):
 def new generation   total 196672K, used 21307K [0x00000000a0000000, 0x00000000ad560000, 0x00000000c0000000)
  eden space 174848K,   0% used [0x00000000a0000000, 0x00000000a0000000, 0x00000000aaac0000)
  from space 21824K,  97% used [0x00000000aaac0000, 0x00000000abf8ee08, 0x00000000ac010000)
  to   space 21824K,   0% used [0x00000000ac010000, 0x00000000ac010000, 0x00000000ad560000)
 tenured generation   total 481280K, used 459377K [0x00000000c0000000, 0x00000000dd600000, 0x0000000100000000)
   the space 481280K,  95% used [0x00000000c0000000, 0x00000000dc09c6e8, 0x00000000dc09c800, 0x00000000dd600000)
 Metaspace       used 102968K, committed 103872K, reserved 1179648K
  class space    used 15459K, committed 15936K, reserved 1048576K
}
Event: 21.339 GC heap before
{Heap before GC invocations=48 (full 7):
 def new generation   total 196672K, used 196155K [0x00000000a0000000, 0x00000000ad560000, 0x00000000c0000000)
  eden space 174848K, 100% used [0x00000000a0000000, 0x00000000aaac0000, 0x00000000aaac0000)
  from space 21824K,  97% used [0x00000000aaac0000, 0x00000000abf8ee08, 0x00000000ac010000)
  to   space 21824K,   0% used [0x00000000ac010000, 0x00000000ac010000, 0x00000000ad560000)
 tenured generation   total 481280K, used 459377K [0x00000000c0000000, 0x00000000dd600000, 0x0000000100000000)
   the space 481280K,  95% used [0x00000000c0000000, 0x00000000dc09c6e8, 0x00000000dc09c800, 0x00000000dd600000)
 Metaspace       used 102968K, committed 103872K, reserved 1179648K
  class space    used 15459K, committed 15936K, reserved 1048576K
}
Event: 21.367 GC heap after
{Heap after GC invocations=49 (full 7):
 def new generation   total 196672K, used 12407K [0x00000000a0000000, 0x00000000ad560000, 0x00000000c0000000)
  eden space 174848K,   0% used [0x00000000a0000000, 0x00000000a0000000, 0x00000000aaac0000)
  from space 21824K,  56% used [0x00000000ac010000, 0x00000000acc2dde8, 0x00000000ad560000)
  to   space 21824K,   0% used [0x00000000aaac0000, 0x00000000aaac0000, 0x00000000ac010000)
 tenured generation   total 481280K, used 480673K [0x00000000c0000000, 0x00000000dd600000, 0x0000000100000000)
   the space 481280K,  99% used [0x00000000c0000000, 0x00000000dd568558, 0x00000000dd568600, 0x00000000dd600000)
 Metaspace       used 102968K, committed 103872K, reserved 1179648K
  class space    used 15459K, committed 15936K, reserved 1048576K
}
Event: 21.972 GC heap before
{Heap before GC invocations=49 (full 7):
 def new generation   total 196672K, used 187255K [0x00000000a0000000, 0x00000000ad560000, 0x00000000c0000000)
  eden space 174848K, 100% used [0x00000000a0000000, 0x00000000aaac0000, 0x00000000aaac0000)
  from space 21824K,  56% used [0x00000000ac010000, 0x00000000acc2dde8, 0x00000000ad560000)
  to   space 21824K,   0% used [0x00000000aaac0000, 0x00000000aaac0000, 0x00000000ac010000)
 tenured generation   total 481280K, used 480673K [0x00000000c0000000, 0x00000000dd600000, 0x0000000100000000)
   the space 481280K,  99% used [0x00000000c0000000, 0x00000000dd568558, 0x00000000dd568600, 0x00000000dd600000)
 Metaspace       used 103332K, committed 104256K, reserved 1179648K
  class space    used 15524K, committed 16000K, reserved 1048576K
}
Event: 22.002 GC heap after
{Heap after GC invocations=50 (full 7):
 def new generation   total 196672K, used 17018K [0x00000000a0000000, 0x00000000ad560000, 0x00000000c0000000)
  eden space 174848K,   0% used [0x00000000a0000000, 0x00000000a0000000, 0x00000000aaac0000)
  from space 21824K,  77% used [0x00000000aaac0000, 0x00000000abb5e8c0, 0x00000000ac010000)
  to   space 21824K,   0% used [0x00000000ac010000, 0x00000000ac010000, 0x00000000ad560000)
 tenured generation   total 493184K, used 493070K [0x00000000c0000000, 0x00000000de1a0000, 0x0000000100000000)
   the space 493184K,  99% used [0x00000000c0000000, 0x00000000de183820, 0x00000000de183a00, 0x00000000de1a0000)
 Metaspace       used 103332K, committed 104256K, reserved 1179648K
  class space    used 15524K, committed 16000K, reserved 1048576K
}
Event: 22.002 GC heap before
{Heap before GC invocations=50 (full 7):
 def new generation   total 196672K, used 17018K [0x00000000a0000000, 0x00000000ad560000, 0x00000000c0000000)
  eden space 174848K,   0% used [0x00000000a0000000, 0x00000000a0000000, 0x00000000aaac0000)
  from space 21824K,  77% used [0x00000000aaac0000, 0x00000000abb5e8c0, 0x00000000ac010000)
  to   space 21824K,   0% used [0x00000000ac010000, 0x00000000ac010000, 0x00000000ad560000)
 tenured generation   total 493184K, used 493070K [0x00000000c0000000, 0x00000000de1a0000, 0x0000000100000000)
   the space 493184K,  99% used [0x00000000c0000000, 0x00000000de183820, 0x00000000de183a00, 0x00000000de1a0000)
 Metaspace       used 103332K, committed 104256K, reserved 1179648K
  class space    used 15524K, committed 16000K, reserved 1048576K
}
Event: 22.904 GC heap after
{Heap after GC invocations=50 (full 8):
 def new generation   total 196672K, used 0K [0x00000000a0000000, 0x00000000ad560000, 0x00000000c0000000)
  eden space 174848K,   0% used [0x00000000a0000000, 0x00000000a0000000, 0x00000000aaac0000)
  from space 21824K,   0% used [0x00000000aaac0000, 0x00000000aaac0000, 0x00000000ac010000)
  to   space 21824K,   0% used [0x00000000ac010000, 0x00000000ac010000, 0x00000000ad560000)
 tenured generation   total 493184K, used 458164K [0x00000000c0000000, 0x00000000de1a0000, 0x0000000100000000)
   the space 493184K,  92% used [0x00000000c0000000, 0x00000000dbf6d3a0, 0x00000000dbf6d400, 0x00000000de1a0000)
 Metaspace       used 103332K, committed 104256K, reserved 1179648K
  class space    used 15524K, committed 16000K, reserved 1048576K
}
Event: 23.246 GC heap before
{Heap before GC invocations=50 (full 8):
 def new generation   total 196672K, used 174848K [0x00000000a0000000, 0x00000000ad560000, 0x00000000c0000000)
  eden space 174848K, 100% used [0x00000000a0000000, 0x00000000aaac0000, 0x00000000aaac0000)
  from space 21824K,   0% used [0x00000000aaac0000, 0x00000000aaac0000, 0x00000000ac010000)
  to   space 21824K,   0% used [0x00000000ac010000, 0x00000000ac010000, 0x00000000ad560000)
 tenured generation   total 493184K, used 458164K [0x00000000c0000000, 0x00000000de1a0000, 0x0000000100000000)
   the space 493184K,  92% used [0x00000000c0000000, 0x00000000dbf6d3a0, 0x00000000dbf6d400, 0x00000000de1a0000)
 Metaspace       used 103333K, committed 104256K, reserved 1179648K
  class space    used 15524K, committed 16000K, reserved 1048576K
}
Event: 23.279 GC heap after
{Heap after GC invocations=51 (full 8):
 def new generation   total 196672K, used 21824K [0x00000000a0000000, 0x00000000ad560000, 0x00000000c0000000)
  eden space 174848K,   0% used [0x00000000a0000000, 0x00000000a0000000, 0x00000000aaac0000)
  from space 21824K, 100% used [0x00000000ac010000, 0x00000000ad560000, 0x00000000ad560000)
  to   space 21824K,   0% used [0x00000000aaac0000, 0x00000000aaac0000, 0x00000000ac010000)
 tenured generation   total 493184K, used 468787K [0x00000000c0000000, 0x00000000de1a0000, 0x0000000100000000)
   the space 493184K,  95% used [0x00000000c0000000, 0x00000000dc9ccc58, 0x00000000dc9cce00, 0x00000000de1a0000)
 Metaspace       used 103333K, committed 104256K, reserved 1179648K
  class space    used 15524K, committed 16000K, reserved 1048576K
}
Event: 23.475 GC heap before
{Heap before GC invocations=51 (full 8):
 def new generation   total 196672K, used 196672K [0x00000000a0000000, 0x00000000ad560000, 0x00000000c0000000)
  eden space 174848K, 100% used [0x00000000a0000000, 0x00000000aaac0000, 0x00000000aaac0000)
  from space 21824K, 100% used [0x00000000ac010000, 0x00000000ad560000, 0x00000000ad560000)
  to   space 21824K,   0% used [0x00000000aaac0000, 0x00000000aaac0000, 0x00000000ac010000)
 tenured generation   total 493184K, used 468787K [0x00000000c0000000, 0x00000000de1a0000, 0x0000000100000000)
   the space 493184K,  95% used [0x00000000c0000000, 0x00000000dc9ccc58, 0x00000000dc9cce00, 0x00000000de1a0000)
 Metaspace       used 103333K, committed 104256K, reserved 1179648K
  class space    used 15524K, committed 16000K, reserved 1048576K
}
Event: 23.624 GC heap after
{Heap after GC invocations=52 (full 8):
 def new generation   total 196672K, used 186681K [0x00000000a0000000, 0x00000000ad560000, 0x00000000c0000000)
  eden space 174848K, 100% used [0x00000000a0000000, 0x00000000aaac0000, 0x00000000aaac0000)
  from space 21824K,  54% used [0x00000000aaac0000, 0x00000000ab64e400, 0x00000000ac010000)
  to   space 21824K, 100% used [0x00000000ac010000, 0x00000000ad560000, 0x00000000ad560000)
 tenured generation   total 493184K, used 480561K [0x00000000c0000000, 0x00000000de1a0000, 0x0000000100000000)
   the space 493184K,  97% used [0x00000000c0000000, 0x00000000dd54c798, 0x00000000dd54c800, 0x00000000de1a0000)
 Metaspace       used 103333K, committed 104256K, reserved 1179648K
  class space    used 15524K, committed 16000K, reserved 1048576K
}
Event: 23.624 GC heap before
{Heap before GC invocations=52 (full 8):
 def new generation   total 196672K, used 186681K [0x00000000a0000000, 0x00000000ad560000, 0x00000000c0000000)
  eden space 174848K, 100% used [0x00000000a0000000, 0x00000000aaac0000, 0x00000000aaac0000)
  from space 21824K,  54% used [0x00000000aaac0000, 0x00000000ab64e400, 0x00000000ac010000)
  to   space 21824K, 100% used [0x00000000ac010000, 0x00000000ad560000, 0x00000000ad560000)
 tenured generation   total 493184K, used 480561K [0x00000000c0000000, 0x00000000de1a0000, 0x0000000100000000)
   the space 493184K,  97% used [0x00000000c0000000, 0x00000000dd54c798, 0x00000000dd54c800, 0x00000000de1a0000)
 Metaspace       used 103333K, committed 104256K, reserved 1179648K
  class space    used 15524K, committed 16000K, reserved 1048576K
}
Event: 24.625 GC heap after
{Heap after GC invocations=52 (full 9):
 def new generation   total 196672K, used 38573K [0x00000000a0000000, 0x00000000ad560000, 0x00000000c0000000)
  eden space 174848K,  22% used [0x00000000a0000000, 0x00000000a25ab470, 0x00000000aaac0000)
  from space 21824K,   0% used [0x00000000aaac0000, 0x00000000aaac0000, 0x00000000ac010000)
  to   space 21824K,   0% used [0x00000000ac010000, 0x00000000ac010000, 0x00000000ad560000)
 tenured generation   total 493184K, used 487468K [0x00000000c0000000, 0x00000000de1a0000, 0x0000000100000000)
   the space 493184K,  98% used [0x00000000c0000000, 0x00000000ddc0b228, 0x00000000ddc0b400, 0x00000000de1a0000)
 Metaspace       used 103333K, committed 104256K, reserved 1179648K
  class space    used 15524K, committed 16000K, reserved 1048576K
}
Event: 24.770 GC heap before
{Heap before GC invocations=52 (full 9):
 def new generation   total 196672K, used 174848K [0x00000000a0000000, 0x00000000ad560000, 0x00000000c0000000)
  eden space 174848K, 100% used [0x00000000a0000000, 0x00000000aaac0000, 0x00000000aaac0000)
  from space 21824K,   0% used [0x00000000aaac0000, 0x00000000aaac0000, 0x00000000ac010000)
  to   space 21824K,   0% used [0x00000000ac010000, 0x00000000ac010000, 0x00000000ad560000)
 tenured generation   total 493184K, used 487468K [0x00000000c0000000, 0x00000000de1a0000, 0x0000000100000000)
   the space 493184K,  98% used [0x00000000c0000000, 0x00000000ddc0b228, 0x00000000ddc0b400, 0x00000000de1a0000)
 Metaspace       used 103333K, committed 104256K, reserved 1179648K
  class space    used 15524K, committed 16000K, reserved 1048576K
}
Event: 24.915 GC heap after
{Heap after GC invocations=53 (full 9):
 def new generation   total 196672K, used 179005K [0x00000000a0000000, 0x00000000ad560000, 0x00000000c0000000)
  eden space 174848K, 100% used [0x00000000a0000000, 0x00000000aaac0000, 0x00000000aaac0000)
  from space 21824K,  19% used [0x00000000ac010000, 0x00000000ac41f538, 0x00000000ad560000)
  to   space 21824K,   0% used [0x00000000aaac0000, 0x00000000aaac0000, 0x00000000ac010000)
 tenured generation   total 493184K, used 487468K [0x00000000c0000000, 0x00000000de1a0000, 0x0000000100000000)
   the space 493184K,  98% used [0x00000000c0000000, 0x00000000ddc0b228, 0x00000000ddc0b400, 0x00000000de1a0000)
 Metaspace       used 103333K, committed 104256K, reserved 1179648K
  class space    used 15524K, committed 16000K, reserved 1048576K
}
Event: 24.915 GC heap before
{Heap before GC invocations=53 (full 9):
 def new generation   total 196672K, used 179005K [0x00000000a0000000, 0x00000000ad560000, 0x00000000c0000000)
  eden space 174848K, 100% used [0x00000000a0000000, 0x00000000aaac0000, 0x00000000aaac0000)
  from space 21824K,  19% used [0x00000000ac010000, 0x00000000ac41f538, 0x00000000ad560000)
  to   space 21824K,   0% used [0x00000000aaac0000, 0x00000000aaac0000, 0x00000000ac010000)
 tenured generation   total 493184K, used 487468K [0x00000000c0000000, 0x00000000de1a0000, 0x0000000100000000)
   the space 493184K,  98% used [0x00000000c0000000, 0x00000000ddc0b228, 0x00000000ddc0b400, 0x00000000de1a0000)
 Metaspace       used 103333K, committed 104256K, reserved 1179648K
  class space    used 15524K, committed 16000K, reserved 1048576K
}
Event: 25.651 GC heap after
{Heap after GC invocations=53 (full 10):
 def new generation   total 196672K, used 40066K [0x00000000a0000000, 0x00000000ad560000, 0x00000000c0000000)
  eden space 174848K,  22% used [0x00000000a0000000, 0x00000000a2720928, 0x00000000aaac0000)
  from space 21824K,   0% used [0x00000000ac010000, 0x00000000ac010000, 0x00000000ad560000)
  to   space 21824K,   0% used [0x00000000aaac0000, 0x00000000aaac0000, 0x00000000ac010000)
 tenured generation   total 493184K, used 474182K [0x00000000c0000000, 0x00000000de1a0000, 0x0000000100000000)
   the space 493184K,  96% used [0x00000000c0000000, 0x00000000dcf119a0, 0x00000000dcf11a00, 0x00000000de1a0000)
 Metaspace       used 103333K, committed 104256K, reserved 1179648K
  class space    used 15524K, committed 16000K, reserved 1048576K
}
Event: 26.056 GC heap before
{Heap before GC invocations=53 (full 10):
 def new generation   total 196672K, used 137877K [0x00000000a0000000, 0x00000000ad560000, 0x00000000c0000000)
  eden space 174848K,  78% used [0x00000000a0000000, 0x00000000a86a57b8, 0x00000000aaac0000)
  from space 21824K,   0% used [0x00000000ac010000, 0x00000000ac010000, 0x00000000ad560000)
  to   space 21824K,   0% used [0x00000000aaac0000, 0x00000000aaac0000, 0x00000000ac010000)
 tenured generation   total 493184K, used 474182K [0x00000000c0000000, 0x00000000de1a0000, 0x0000000100000000)
   the space 493184K,  96% used [0x00000000c0000000, 0x00000000dcf119a0, 0x00000000dcf11a00, 0x00000000de1a0000)
 Metaspace       used 103334K, committed 104256K, reserved 1179648K
  class space    used 15524K, committed 16000K, reserved 1048576K
}
Event: 26.298 GC heap after
{Heap after GC invocations=54 (full 10):
 def new generation   total 196672K, used 140038K [0x00000000a0000000, 0x00000000ad560000, 0x00000000c0000000)
  eden space 174848K,  78% used [0x00000000a0000000, 0x00000000a86a57b8, 0x00000000aaac0000)
  from space 21824K,   9% used [0x00000000aaac0000, 0x00000000aacdc3e0, 0x00000000ac010000)
  to   space 21824K,   0% used [0x00000000ac010000, 0x00000000ac010000, 0x00000000ad560000)
 tenured generation   total 493184K, used 474182K [0x00000000c0000000, 0x00000000de1a0000, 0x0000000100000000)
   the space 493184K,  96% used [0x00000000c0000000, 0x00000000dcf119a0, 0x00000000dcf11a00, 0x00000000de1a0000)
 Metaspace       used 103334K, committed 104256K, reserved 1179648K
  class space    used 15524K, committed 16000K, reserved 1048576K
}
Event: 26.298 GC heap before
{Heap before GC invocations=54 (full 10):
 def new generation   total 196672K, used 140038K [0x00000000a0000000, 0x00000000ad560000, 0x00000000c0000000)
  eden space 174848K,  78% used [0x00000000a0000000, 0x00000000a86a57b8, 0x00000000aaac0000)
  from space 21824K,   9% used [0x00000000aaac0000, 0x00000000aacdc3e0, 0x00000000ac010000)
  to   space 21824K,   0% used [0x00000000ac010000, 0x00000000ac010000, 0x00000000ad560000)
 tenured generation   total 493184K, used 474182K [0x00000000c0000000, 0x00000000de1a0000, 0x0000000100000000)
   the space 493184K,  96% used [0x00000000c0000000, 0x00000000dcf119a0, 0x00000000dcf11a00, 0x00000000de1a0000)
 Metaspace       used 103334K, committed 104256K, reserved 1179648K
  class space    used 15524K, committed 16000K, reserved 1048576K
}

